2026-05-13 20:56:01 [WARNING ] discord.client: PyNaCl is not installed, voice will NOT be supported
2026-05-13 20:56:01 [WARNING ] discord.client: davey is not installed, voice will NOT be supported
2026-05-13 20:56:02 [WARNING ] discord.ext.commands.bot: Privileged message content intent is missing, commands may not work as expected.
2026-05-13 20:56:02 [INFO    ] discord.client: logging in using static token
2026-05-13 20:56:05 [INFO    ] Encore.db: MongoDB databases initialized: AxonX
2026-05-13 20:56:05 [INFO    ] yeetify: Loaded Translator
2026-05-13 20:56:05 [ERROR   ] yeetify: Something went wrong while loading basic cog.
Traceback (most recent call last):
  File "C:\Users\Admin\AppData\Local\Programs\Python\Python312\Lib\site-packages\discord\ext\commands\bot.py", line 962, in _load_from_module_spec
    spec.loader.exec_module(lib)  # type: ignore
    ^^^^^^^^^^^^^^^^^^^^^^^^^^^^
  File "<frozen importlib._bootstrap_external>", line 999, in exec_module
  File "<frozen importlib._bootstrap>", line 488, in _call_with_frames_removed
  File "C:\Users\Admin\Downloads\No-workspace\cogs\basic.py", line 29, in <module>
    from validators import url
ModuleNotFoundError: No module named 'validators'

The above exception was the direct cause of the following exception:

Traceback (most recent call last):
  File "C:\Users\Admin\Downloads\No-workspace\main.py", line 86, in setup_hook
    await self.load_extension(f"cogs.{module[:-3]}")
  File "C:\Users\Admin\AppData\Local\Programs\Python\Python312\Lib\site-packages\discord\ext\commands\bot.py", line 1040, in load_extension
    await self._load_from_module_spec(spec, name)
  File "C:\Users\Admin\AppData\Local\Programs\Python\Python312\Lib\site-packages\discord\ext\commands\bot.py", line 965, in _load_from_module_spec
    raise errors.ExtensionFailed(key, e) from e
discord.ext.commands.errors.ExtensionFailed: Extension 'cogs.basic' raised an error: ModuleNotFoundError: No module named 'validators'
2026-05-13 20:56:05 [INFO    ] yeetify: Loaded effect
2026-05-13 20:56:05 [INFO    ] yeetify: Loaded listeners
2026-05-13 20:56:05 [INFO    ] yeetify: Loaded playlist
2026-05-13 20:56:05 [ERROR   ] yeetify: Something went wrong while loading settings cog.
Traceback (most recent call last):
  File "C:\Users\Admin\AppData\Local\Programs\Python\Python312\Lib\site-packages\discord\ext\commands\bot.py", line 962, in _load_from_module_spec
    spec.loader.exec_module(lib)  # type: ignore
    ^^^^^^^^^^^^^^^^^^^^^^^^^^^^
  File "<frozen importlib._bootstrap_external>", line 999, in exec_module
  File "<frozen importlib._bootstrap>", line 488, in _call_with_frames_removed
  File "C:\Users\Admin\Downloads\No-workspace\cogs\settings.py", line 26, in <module>
    import psutil
ModuleNotFoundError: No module named 'psutil'

The above exception was the direct cause of the following exception:

Traceback (most recent call last):
  File "C:\Users\Admin\Downloads\No-workspace\main.py", line 86, in setup_hook
    await self.load_extension(f"cogs.{module[:-3]}")
  File "C:\Users\Admin\AppData\Local\Programs\Python\Python312\Lib\site-packages\discord\ext\commands\bot.py", line 1040, in load_extension
    await self._load_from_module_spec(spec, name)
  File "C:\Users\Admin\AppData\Local\Programs\Python\Python312\Lib\site-packages\discord\ext\commands\bot.py", line 965, in _load_from_module_spec
    raise errors.ExtensionFailed(key, e) from e
discord.ext.commands.errors.ExtensionFailed: Extension 'cogs.settings' raised an error: ModuleNotFoundError: No module named 'psutil'
2026-05-13 20:56:05 [INFO    ] yeetify: Loaded task
2026-05-13 20:56:05 [INFO    ] Encore.db: Starting cache cleanup at timestamp: 1778730965.26
2026-05-13 20:56:05 [INFO    ] Encore.db: Cache cleanup completed. Current cache size: 0
2026-05-13 20:56:05 [INFO    ] yeetify: Auto-registered 13 slash commands globally.
2026-05-13 20:56:06 [INFO    ] discord.gateway: Shard ID None has connected to Gateway (Session ID: b67bd7eeb075a4cd26fd768ce9c62fd2).
2026-05-13 20:56:08 [INFO    ] yeetify: Changed the bot status to the bops 🎵
2026-05-13 20:56:08 [INFO    ] yeetify: ------------------
2026-05-13 20:56:08 [INFO    ] yeetify: Logging As: Yeetify#4292
2026-05-13 20:56:08 [INFO    ] yeetify: Bot ID: 1503943524456861726
2026-05-13 20:56:08 [INFO    ] yeetify: Slash Commands: 13
2026-05-13 20:56:08 [INFO    ] yeetify: ------------------
2026-05-13 20:56:08 [INFO    ] yeetify: Yeetify Version: v2.7.3
2026-05-13 20:56:08 [INFO    ] yeetify: Discord Version: 2.7.1
2026-05-13 20:56:08 [INFO    ] yeetify: Python Version: 3.12.10 (tags/v3.12.10:0cc8128, Apr  8 2025, 12:21:36) [MSC v.1943 64 bit (AMD64)]
2026-05-13 20:56:08 [INFO    ] yeetify: ------------------
2026-05-13 20:56:08 [INFO    ] yeetify: Yeetify — main source on Vocard by chocomeow — https://github.com/ChocoMeow/Vocard
2026-05-13 20:56:56 [INFO    ] yeetify: Unload Translator
2026-05-13 20:57:17 [WARNING ] discord.client: PyNaCl is not installed, voice will NOT be supported
2026-05-13 20:57:18 [WARNING ] discord.ext.commands.bot: Privileged message content intent is missing, commands may not work as expected.
2026-05-13 20:57:18 [INFO    ] discord.client: logging in using static token
2026-05-13 20:57:20 [INFO    ] Encore.db: MongoDB databases initialized: AxonX
2026-05-13 20:57:20 [INFO    ] yeetify: Loaded Translator
2026-05-13 20:57:20 [INFO    ] yeetify: Loaded basic
2026-05-13 20:57:20 [INFO    ] yeetify: Loaded effect
2026-05-13 20:57:20 [INFO    ] yeetify: Loaded listeners
2026-05-13 20:57:20 [INFO    ] yeetify: Loaded playlist
2026-05-13 20:57:20 [INFO    ] yeetify: Loaded settings
2026-05-13 20:57:20 [INFO    ] yeetify: Loaded task
2026-05-13 20:57:20 [INFO    ] Encore.db: Starting cache cleanup at timestamp: 1778731040.70
2026-05-13 20:57:20 [INFO    ] Encore.db: Cache cleanup completed. Current cache size: 0
2026-05-13 20:57:21 [INFO    ] yeetify: Auto-registered 45 slash commands globally.
2026-05-13 20:57:22 [INFO    ] discord.gateway: Shard ID None has connected to Gateway (Session ID: 80994d249f1b9f7a9a1550ead276581f).
2026-05-13 20:57:24 [INFO    ] yeetify: Changed the bot status to the bops 🎵
2026-05-13 20:57:24 [INFO    ] yeetify: ------------------
2026-05-13 20:57:24 [INFO    ] yeetify: Logging As: Yeetify#4292
2026-05-13 20:57:24 [INFO    ] yeetify: Bot ID: 1503943524456861726
2026-05-13 20:57:24 [INFO    ] yeetify: Slash Commands: 45
2026-05-13 20:57:24 [INFO    ] yeetify: ------------------
2026-05-13 20:57:24 [INFO    ] yeetify: Yeetify Version: v2.7.3
2026-05-13 20:57:24 [INFO    ] yeetify: Discord Version: 2.4.0
2026-05-13 20:57:24 [INFO    ] yeetify: Python Version: 3.12.10 (tags/v3.12.10:0cc8128, Apr  8 2025, 12:21:36) [MSC v.1943 64 bit (AMD64)]
2026-05-13 20:57:24 [INFO    ] yeetify: ------------------
2026-05-13 20:57:24 [INFO    ] yeetify: Yeetify — main source on Vocard by chocomeow — https://github.com/ChocoMeow/Vocard
2026-05-13 20:59:25 [ERROR   ] yeetify: Node DEFAULT is not able to connect! - Reason: The password for node 'DEFAULT' is invalid.
2026-05-13 21:00:11 [INFO    ] yeetify: Unload Translator
2026-05-13 21:00:14 [WARNING ] discord.client: PyNaCl is not installed, voice will NOT be supported
2026-05-13 21:00:15 [WARNING ] discord.ext.commands.bot: Privileged message content intent is missing, commands may not work as expected.
2026-05-13 21:00:15 [INFO    ] discord.client: logging in using static token
2026-05-13 21:00:17 [INFO    ] Encore.db: MongoDB databases initialized: AxonX
2026-05-13 21:00:17 [INFO    ] yeetify: Loaded Translator
2026-05-13 21:00:17 [INFO    ] yeetify: Loaded basic
2026-05-13 21:00:17 [INFO    ] yeetify: Loaded effect
2026-05-13 21:00:17 [INFO    ] yeetify: Loaded listeners
2026-05-13 21:00:18 [INFO    ] yeetify: Loaded playlist
2026-05-13 21:00:18 [INFO    ] yeetify: Loaded settings
2026-05-13 21:00:18 [INFO    ] yeetify: Loaded task
2026-05-13 21:00:18 [INFO    ] Encore.db: Starting cache cleanup at timestamp: 1778731218.05
2026-05-13 21:00:18 [INFO    ] Encore.db: Cache cleanup completed. Current cache size: 0
2026-05-13 21:00:18 [INFO    ] yeetify: Auto-registered 45 slash commands globally.
2026-05-13 21:00:20 [INFO    ] discord.gateway: Shard ID None has connected to Gateway (Session ID: 581c1210b803a16edd76b42eafe9c9fa).
2026-05-13 21:00:22 [INFO    ] yeetify: Changed the bot status to the bops 🎵
2026-05-13 21:00:22 [INFO    ] yeetify: ------------------
2026-05-13 21:00:22 [INFO    ] yeetify: Logging As: Yeetify#4292
2026-05-13 21:00:22 [INFO    ] yeetify: Bot ID: 1503943524456861726
2026-05-13 21:00:22 [INFO    ] yeetify: Slash Commands: 45
2026-05-13 21:00:22 [INFO    ] yeetify: ------------------
2026-05-13 21:00:22 [INFO    ] yeetify: Yeetify Version: v2.7.3
2026-05-13 21:00:22 [INFO    ] yeetify: Discord Version: 2.4.0
2026-05-13 21:00:22 [INFO    ] yeetify: Python Version: 3.12.10 (tags/v3.12.10:0cc8128, Apr  8 2025, 12:21:36) [MSC v.1943 64 bit (AMD64)]
2026-05-13 21:00:22 [INFO    ] yeetify: ------------------
2026-05-13 21:00:22 [INFO    ] yeetify: Yeetify — main source on Vocard by chocomeow — https://github.com/ChocoMeow/Vocard
2026-05-13 21:01:44 [INFO    ] yeetify: Unload Translator
2026-05-13 21:01:47 [WARNING ] discord.client: PyNaCl is not installed, voice will NOT be supported
2026-05-13 21:01:48 [WARNING ] discord.ext.commands.bot: Privileged message content intent is missing, commands may not work as expected.
2026-05-13 21:01:48 [INFO    ] discord.client: logging in using static token
2026-05-13 21:01:50 [INFO    ] Encore.db: MongoDB databases initialized: AxonX
2026-05-13 21:01:50 [INFO    ] yeetify: Loaded Translator
2026-05-13 21:01:50 [INFO    ] yeetify: Loaded basic
2026-05-13 21:01:50 [INFO    ] yeetify: Loaded effect
2026-05-13 21:01:50 [INFO    ] yeetify: Loaded listeners
2026-05-13 21:01:50 [INFO    ] yeetify: Loaded playlist
2026-05-13 21:01:50 [INFO    ] yeetify: Loaded settings
2026-05-13 21:01:50 [INFO    ] yeetify: Loaded task
2026-05-13 21:01:50 [INFO    ] Encore.db: Starting cache cleanup at timestamp: 1778731310.88
2026-05-13 21:01:50 [INFO    ] Encore.db: Cache cleanup completed. Current cache size: 0
2026-05-13 21:01:51 [INFO    ] yeetify: Auto-registered 45 slash commands globally.
2026-05-13 21:01:52 [INFO    ] discord.gateway: Shard ID None has connected to Gateway (Session ID: 237a7c2246db4d4f72d7135d7a3decfb).
2026-05-13 21:01:54 [INFO    ] yeetify: Changed the bot status to the bops 🎵
2026-05-13 21:01:54 [INFO    ] yeetify: ------------------
2026-05-13 21:01:54 [INFO    ] yeetify: Logging As: Yeetify#4292
2026-05-13 21:01:54 [INFO    ] yeetify: Bot ID: 1503943524456861726
2026-05-13 21:01:54 [INFO    ] yeetify: Slash Commands: 45
2026-05-13 21:01:54 [INFO    ] yeetify: ------------------
2026-05-13 21:01:54 [INFO    ] yeetify: Yeetify Version: v2.7.3
2026-05-13 21:01:54 [INFO    ] yeetify: Discord Version: 2.4.0
2026-05-13 21:01:54 [INFO    ] yeetify: Python Version: 3.12.10 (tags/v3.12.10:0cc8128, Apr  8 2025, 12:21:36) [MSC v.1943 64 bit (AMD64)]
2026-05-13 21:01:54 [INFO    ] yeetify: ------------------
2026-05-13 21:01:54 [INFO    ] yeetify: Yeetify — main source on Vocard by chocomeow — https://github.com/ChocoMeow/Vocard
2026-05-13 21:03:56 [ERROR   ] yeetify: Node DEFAULT is not able to connect! - Reason: The password for node 'DEFAULT' is invalid.
2026-05-13 21:04:48 [INFO    ] yeetify: Unload Translator
2026-05-13 21:04:51 [WARNING ] discord.client: PyNaCl is not installed, voice will NOT be supported
2026-05-13 21:04:52 [WARNING ] discord.ext.commands.bot: Privileged message content intent is missing, commands may not work as expected.
2026-05-13 21:04:52 [INFO    ] discord.client: logging in using static token
2026-05-13 21:04:55 [INFO    ] Encore.db: MongoDB databases initialized: AxonX
2026-05-13 21:04:55 [INFO    ] yeetify: Loaded Translator
2026-05-13 21:04:55 [INFO    ] yeetify: Loaded basic
2026-05-13 21:04:55 [INFO    ] yeetify: Loaded effect
2026-05-13 21:04:55 [INFO    ] yeetify: Loaded listeners
2026-05-13 21:04:55 [INFO    ] yeetify: Loaded playlist
2026-05-13 21:04:55 [INFO    ] yeetify: Loaded settings
2026-05-13 21:04:55 [INFO    ] yeetify: Loaded task
2026-05-13 21:04:55 [INFO    ] Encore.db: Starting cache cleanup at timestamp: 1778731495.37
2026-05-13 21:04:55 [INFO    ] Encore.db: Cache cleanup completed. Current cache size: 0
2026-05-13 21:04:56 [INFO    ] yeetify: Auto-registered 45 slash commands globally.
2026-05-13 21:04:56 [INFO    ] discord.gateway: Shard ID None has connected to Gateway (Session ID: 8967301206f1185123c2c45cb7efd287).
2026-05-13 21:04:58 [INFO    ] yeetify: Changed the bot status to the bops 🎵
2026-05-13 21:04:58 [INFO    ] yeetify: ------------------
2026-05-13 21:04:58 [INFO    ] yeetify: Logging As: Yeetify#4292
2026-05-13 21:04:58 [INFO    ] yeetify: Bot ID: 1503943524456861726
2026-05-13 21:04:58 [INFO    ] yeetify: Slash Commands: 45
2026-05-13 21:04:58 [INFO    ] yeetify: ------------------
2026-05-13 21:04:58 [INFO    ] yeetify: Yeetify Version: v2.7.3
2026-05-13 21:04:58 [INFO    ] yeetify: Discord Version: 2.4.0
2026-05-13 21:04:58 [INFO    ] yeetify: Python Version: 3.12.10 (tags/v3.12.10:0cc8128, Apr  8 2025, 12:21:36) [MSC v.1943 64 bit (AMD64)]
2026-05-13 21:04:58 [INFO    ] yeetify: ------------------
2026-05-13 21:04:58 [INFO    ] yeetify: Yeetify — main source on Vocard by chocomeow — https://github.com/ChocoMeow/Vocard
2026-05-13 21:05:24 [ERROR   ] yeetify: Node DEFAULT is not able to connect! - Reason: The password for node 'DEFAULT' is invalid.
